{"/Users/foreward/Code/interview-test/singtel/CardGame/src/Assets/Images/card-back.png": {"path":"/Users/foreward/Code/interview-test/singtel/CardGame/src/Assets/Images/card-back.png","statementMap":{"0":{"start":{"line":1,"column":0},"end":{"line":4,"column":6}}},"fnMap":{},"branchMap":{},"s":{"0":1},"f":{},"b":{},"_coverageSchema":"1a1c01bbd47fc00a2c39e90264f33305004495a9","hash":"723f30079611c0348ca2be78159c71e286ce71f8"}
,"/Users/foreward/Code/interview-test/singtel/CardGame/src/Assets/Images/index.tsx": {"path":"/Users/foreward/Code/interview-test/singtel/CardGame/src/Assets/Images/index.tsx","statementMap":{},"fnMap":{},"branchMap":{},"s":{},"f":{},"b":{},"_coverageSchema":"1a1c01bbd47fc00a2c39e90264f33305004495a9","hash":"a2f90bcde160d31fe0d809c429636ba5c884c59d"}
,"/Users/foreward/Code/interview-test/singtel/CardGame/src/Components/Card/Card.tsx": {"path":"/Users/foreward/Code/interview-test/singtel/CardGame/src/Components/Card/Card.tsx","statementMap":{"0":{"start":{"line":20,"column":13},"end":{"line":143,"column":1}},"1":{"start":{"line":21,"column":28},"end":{"line":21,"column":33}},"2":{"start":{"line":22,"column":36},"end":{"line":22,"column":57}},"3":{"start":{"line":23,"column":15},"end":{"line":23,"column":52}},"4":{"start":{"line":24,"column":16},"end":{"line":24,"column":53}},"5":{"start":{"line":25,"column":15},"end":{"line":25,"column":52}},"6":{"start":{"line":27,"column":27},"end":{"line":37,"column":3}},"7":{"start":{"line":39,"column":26},"end":{"line":49,"column":3}},"8":{"start":{"line":51,"column":21},"end":{"line":53,"column":3}},"9":{"start":{"line":55,"column":22},"end":{"line":62,"column":12}},"10":{"start":{"line":56,"column":4},"end":{"line":61,"column":15}},"11":{"start":{"line":64,"column":21},"end":{"line":71,"column":12}},"12":{"start":{"line":65,"column":4},"end":{"line":70,"column":15}},"13":{"start":{"line":73,"column":25},"end":{"line":96,"column":13}},"14":{"start":{"line":74,"column":4},"end":{"line":95,"column":15}},"15":{"start":{"line":98,"column":19},"end":{"line":100,"column":21}},"16":{"start":{"line":99,"column":4},"end":{"line":99,"column":29}},"17":{"start":{"line":102,"column":2},"end":{"line":120,"column":54}},"18":{"start":{"line":103,"column":4},"end":{"line":117,"column":5}},"19":{"start":{"line":104,"column":6},"end":{"line":104,"column":20}},"20":{"start":{"line":106,"column":6},"end":{"line":116,"column":7}},"21":{"start":{"line":107,"column":8},"end":{"line":109,"column":9}},"22":{"start":{"line":108,"column":10},"end":{"line":108,"column":27}},"23":{"start":{"line":110,"column":8},"end":{"line":115,"column":10}},"24":{"start":{"line":112,"column":12},"end":{"line":112,"column":25}},"25":{"start":{"line":119,"column":4},"end":{"line":119,"column":23}},"26":{"start":{"line":122,"column":2},"end":{"line":142,"column":4}},"27":{"start":{"line":126,"column":21},"end":{"line":126,"column":31}},"28":{"start":{"line":145,"column":15},"end":{"line":179,"column":2}}},"fnMap":{"0":{"name":"(anonymous_0)","decl":{"start":{"line":20,"column":13},"end":{"line":20,"column":14}},"loc":{"start":{"line":20,"column":31},"end":{"line":143,"column":1}},"line":20},"1":{"name":"(anonymous_1)","decl":{"start":{"line":55,"column":34},"end":{"line":55,"column":35}},"loc":{"start":{"line":55,"column":40},"end":{"line":62,"column":3}},"line":55},"2":{"name":"(anonymous_2)","decl":{"start":{"line":64,"column":33},"end":{"line":64,"column":34}},"loc":{"start":{"line":64,"column":39},"end":{"line":71,"column":3}},"line":64},"3":{"name":"(anonymous_3)","decl":{"start":{"line":73,"column":37},"end":{"line":73,"column":38}},"loc":{"start":{"line":73,"column":43},"end":{"line":96,"column":3}},"line":73},"4":{"name":"(anonymous_4)","decl":{"start":{"line":98,"column":31},"end":{"line":98,"column":32}},"loc":{"start":{"line":98,"column":37},"end":{"line":100,"column":3}},"line":98},"5":{"name":"(anonymous_5)","decl":{"start":{"line":102,"column":12},"end":{"line":102,"column":13}},"loc":{"start":{"line":102,"column":18},"end":{"line":120,"column":3}},"line":102},"6":{"name":"(anonymous_6)","decl":{"start":{"line":111,"column":10},"end":{"line":111,"column":11}},"loc":{"start":{"line":111,"column":16},"end":{"line":113,"column":11}},"line":111},"7":{"name":"(anonymous_7)","decl":{"start":{"line":126,"column":15},"end":{"line":126,"column":16}},"loc":{"start":{"line":126,"column":21},"end":{"line":126,"column":31}},"line":126}},"branchMap":{"0":{"loc":{"start":{"line":99,"column":4},"end":{"line":99,"column":28}},"type":"binary-expr","locations":[{"start":{"line":99,"column":4},"end":{"line":99,"column":11}},{"start":{"line":99,"column":15},"end":{"line":99,"column":28}}],"line":99},"1":{"loc":{"start":{"line":103,"column":4},"end":{"line":117,"column":5}},"type":"if","locations":[{"start":{"line":103,"column":4},"end":{"line":117,"column":5}},{"start":{"line":105,"column":11},"end":{"line":117,"column":5}}],"line":103},"2":{"loc":{"start":{"line":106,"column":6},"end":{"line":116,"column":7}},"type":"if","locations":[{"start":{"line":106,"column":6},"end":{"line":116,"column":7}},{"start":{},"end":{}}],"line":106},"3":{"loc":{"start":{"line":107,"column":8},"end":{"line":109,"column":9}},"type":"if","locations":[{"start":{"line":107,"column":8},"end":{"line":109,"column":9}},{"start":{},"end":{}}],"line":107},"4":{"loc":{"start":{"line":114,"column":10},"end":{"line":114,"column":39}},"type":"cond-expr","locations":[{"start":{"line":114,"column":32},"end":{"line":114,"column":35}},{"start":{"line":114,"column":38},"end":{"line":114,"column":39}}],"line":114}},"s":{"0":1,"1":10,"2":10,"3":10,"4":10,"5":10,"6":10,"7":10,"8":10,"9":10,"10":2,"11":10,"12":2,"13":10,"14":1,"15":10,"16":1,"17":10,"18":5,"19":2,"20":3,"21":2,"22":1,"23":2,"24":2,"25":5,"26":10,"27":1,"28":1},"f":{"0":10,"1":2,"2":2,"3":1,"4":1,"5":5,"6":2,"7":1},"b":{"0":[1,1],"1":[2,3],"2":[2,1],"3":[1,1],"4":[1,1]},"_coverageSchema":"1a1c01bbd47fc00a2c39e90264f33305004495a9","hash":"02015a60a9f159acc1619901a9bddd6c4cf05e19"}
}
