TN:
SF:src/Assets/Images/card-back.png
FNF:0
FNH:0
DA:1,1
LF:1
LH:1
BRF:0
BRH:0
end_of_record
TN:
SF:src/Assets/Images/index.tsx
FNF:0
FNH:0
LF:0
LH:0
BRF:0
BRH:0
end_of_record
TN:
SF:src/Components/Card/Card.tsx
FN:20,(anonymous_0)
FN:55,(anonymous_1)
FN:64,(anonymous_2)
FN:73,(anonymous_3)
FN:98,(anonymous_4)
FN:102,(anonymous_5)
FN:111,(anonymous_6)
FN:126,(anonymous_7)
FNF:8
FNH:8
FNDA:10,(anonymous_0)
FNDA:2,(anonymous_1)
FNDA:2,(anonymous_2)
FNDA:1,(anonymous_3)
FNDA:1,(anonymous_4)
FNDA:5,(anonymous_5)
FNDA:2,(anonymous_6)
FNDA:1,(anonymous_7)
DA:20,1
DA:21,10
DA:22,10
DA:23,10
DA:24,10
DA:25,10
DA:27,10
DA:39,10
DA:51,10
DA:55,10
DA:56,2
DA:64,10
DA:65,2
DA:73,10
DA:74,1
DA:98,10
DA:99,1
DA:102,10
DA:103,5
DA:104,2
DA:106,3
DA:107,2
DA:108,1
DA:110,2
DA:112,2
DA:119,5
DA:122,10
DA:126,1
DA:145,1
LF:29
LH:29
BRDA:99,0,0,1
BRDA:99,0,1,1
BRDA:103,1,0,2
BRDA:103,1,1,3
BRDA:106,2,0,2
BRDA:106,2,1,1
BRDA:107,3,0,1
BRDA:107,3,1,1
BRDA:114,4,0,1
BRDA:114,4,1,1
BRF:10
BRH:10
end_of_record
