{"/Users/foreward/Code/interview-test/singtel/CardGame/src/Assets/Images/card-back.png": {"path":"/Users/foreward/Code/interview-test/singtel/CardGame/src/Assets/Images/card-back.png","statementMap":{"0":{"start":{"line":1,"column":0},"end":{"line":4,"column":6}}},"fnMap":{},"branchMap":{},"s":{"0":1},"f":{},"b":{},"_coverageSchema":"1a1c01bbd47fc00a2c39e90264f33305004495a9","hash":"723f30079611c0348ca2be78159c71e286ce71f8"}
,"/Users/foreward/Code/interview-test/singtel/CardGame/src/Assets/Images/index.tsx": {"path":"/Users/foreward/Code/interview-test/singtel/CardGame/src/Assets/Images/index.tsx","statementMap":{},"fnMap":{},"branchMap":{},"s":{},"f":{},"b":{},"_coverageSchema":"1a1c01bbd47fc00a2c39e90264f33305004495a9","hash":"a2f90bcde160d31fe0d809c429636ba5c884c59d"}
,"/Users/foreward/Code/interview-test/singtel/CardGame/src/Components/Card/Card.tsx": {"path":"/Users/foreward/Code/interview-test/singtel/CardGame/src/Components/Card/Card.tsx","statementMap":{"0":{"start":{"line":20,"column":13},"end":{"line":108,"column":1}},"1":{"start":{"line":21,"column":26},"end":{"line":21,"column":31}},"2":{"start":{"line":22,"column":15},"end":{"line":22,"column":52}},"3":{"start":{"line":24,"column":27},"end":{"line":34,"column":3}},"4":{"start":{"line":36,"column":26},"end":{"line":46,"column":3}},"5":{"start":{"line":48,"column":22},"end":{"line":55,"column":3}},"6":{"start":{"line":49,"column":4},"end":{"line":54,"column":15}},"7":{"start":{"line":57,"column":21},"end":{"line":64,"column":3}},"8":{"start":{"line":58,"column":4},"end":{"line":63,"column":15}},"9":{"start":{"line":66,"column":19},"end":{"line":68,"column":3}},"10":{"start":{"line":67,"column":4},"end":{"line":67,"column":29}},"11":{"start":{"line":70,"column":2},"end":{"line":76,"column":13}},"12":{"start":{"line":71,"column":4},"end":{"line":75,"column":5}},"13":{"start":{"line":72,"column":6},"end":{"line":72,"column":20}},"14":{"start":{"line":74,"column":6},"end":{"line":74,"column":19}},"15":{"start":{"line":78,"column":2},"end":{"line":107,"column":4}},"16":{"start":{"line":81,"column":21},"end":{"line":81,"column":31}},"17":{"start":{"line":110,"column":15},"end":{"line":134,"column":2}}},"fnMap":{"0":{"name":"(anonymous_0)","decl":{"start":{"line":20,"column":13},"end":{"line":20,"column":14}},"loc":{"start":{"line":20,"column":31},"end":{"line":108,"column":1}},"line":20},"1":{"name":"(anonymous_1)","decl":{"start":{"line":48,"column":22},"end":{"line":48,"column":23}},"loc":{"start":{"line":48,"column":28},"end":{"line":55,"column":3}},"line":48},"2":{"name":"(anonymous_2)","decl":{"start":{"line":57,"column":21},"end":{"line":57,"column":22}},"loc":{"start":{"line":57,"column":27},"end":{"line":64,"column":3}},"line":57},"3":{"name":"(anonymous_3)","decl":{"start":{"line":66,"column":19},"end":{"line":66,"column":20}},"loc":{"start":{"line":66,"column":25},"end":{"line":68,"column":3}},"line":66},"4":{"name":"(anonymous_4)","decl":{"start":{"line":70,"column":12},"end":{"line":70,"column":13}},"loc":{"start":{"line":70,"column":18},"end":{"line":76,"column":3}},"line":70},"5":{"name":"(anonymous_5)","decl":{"start":{"line":81,"column":15},"end":{"line":81,"column":16}},"loc":{"start":{"line":81,"column":21},"end":{"line":81,"column":31}},"line":81}},"branchMap":{"0":{"loc":{"start":{"line":67,"column":4},"end":{"line":67,"column":28}},"type":"binary-expr","locations":[{"start":{"line":67,"column":4},"end":{"line":67,"column":11}},{"start":{"line":67,"column":15},"end":{"line":67,"column":28}}],"line":67},"1":{"loc":{"start":{"line":71,"column":4},"end":{"line":75,"column":5}},"type":"if","locations":[{"start":{"line":71,"column":4},"end":{"line":75,"column":5}},{"start":{"line":73,"column":11},"end":{"line":75,"column":5}}],"line":71}},"s":{"0":1,"1":0,"2":0,"3":0,"4":0,"5":0,"6":0,"7":0,"8":0,"9":0,"10":0,"11":0,"12":0,"13":0,"14":0,"15":0,"16":0,"17":1},"f":{"0":0,"1":0,"2":0,"3":0,"4":0,"5":0},"b":{"0":[0,0],"1":[0,0]},"_coverageSchema":"1a1c01bbd47fc00a2c39e90264f33305004495a9","hash":"f34079dbeddd743a3040d9b6ee4507f5584b6a52"}
,"/Users/foreward/Code/interview-test/singtel/CardGame/src/Components/Card/index.tsx": {"path":"/Users/foreward/Code/interview-test/singtel/CardGame/src/Components/Card/index.tsx","statementMap":{},"fnMap":{},"branchMap":{},"s":{},"f":{},"b":{},"_coverageSchema":"1a1c01bbd47fc00a2c39e90264f33305004495a9","hash":"a5e3bc231f061a0b9bb906fc6afdddc657611d54"}
,"/Users/foreward/Code/interview-test/singtel/CardGame/src/Components/Screen/Screen.tsx": {"path":"/Users/foreward/Code/interview-test/singtel/CardGame/src/Components/Screen/Screen.tsx","statementMap":{"0":{"start":{"line":8,"column":15},"end":{"line":16,"column":1}},"1":{"start":{"line":9,"column":21},"end":{"line":9,"column":26}},"2":{"start":{"line":10,"column":2},"end":{"line":15,"column":4}}},"fnMap":{"0":{"name":"(anonymous_0)","decl":{"start":{"line":8,"column":15},"end":{"line":8,"column":16}},"loc":{"start":{"line":8,"column":33},"end":{"line":16,"column":1}},"line":8}},"branchMap":{},"s":{"0":1,"1":0,"2":0},"f":{"0":0},"b":{},"_coverageSchema":"1a1c01bbd47fc00a2c39e90264f33305004495a9","hash":"d5468fcfb625efbc4cbcc4e1ce60c62ec82fb3ac"}
,"/Users/foreward/Code/interview-test/singtel/CardGame/src/Components/Screen/index.tsx": {"path":"/Users/foreward/Code/interview-test/singtel/CardGame/src/Components/Screen/index.tsx","statementMap":{},"fnMap":{},"branchMap":{},"s":{},"f":{},"b":{},"_coverageSchema":"1a1c01bbd47fc00a2c39e90264f33305004495a9","hash":"e40934de6caaee6bf70924e47dcd868408474ca2"}
,"/Users/foreward/Code/interview-test/singtel/CardGame/src/Models/Card/Slice.tsx": {"path":"/Users/foreward/Code/interview-test/singtel/CardGame/src/Models/Card/Slice.tsx","statementMap":{"0":{"start":{"line":11,"column":34},"end":{"line":11,"column":36}},"1":{"start":{"line":13,"column":25},"end":{"line":63,"column":2}},"2":{"start":{"line":18,"column":6},"end":{"line":18,"column":34}},"3":{"start":{"line":19,"column":6},"end":{"line":19,"column":20}},"4":{"start":{"line":22,"column":6},"end":{"line":31,"column":8}},"5":{"start":{"line":23,"column":8},"end":{"line":25,"column":9}},"6":{"start":{"line":24,"column":10},"end":{"line":24,"column":23}},"7":{"start":{"line":27,"column":8},"end":{"line":30,"column":10}},"8":{"start":{"line":33,"column":6},"end":{"line":42,"column":8}},"9":{"start":{"line":34,"column":8},"end":{"line":36,"column":9}},"10":{"start":{"line":35,"column":10},"end":{"line":35,"column":23}},"11":{"start":{"line":38,"column":8},"end":{"line":41,"column":10}},"12":{"start":{"line":44,"column":6},"end":{"line":49,"column":8}},"13":{"start":{"line":45,"column":8},"end":{"line":48,"column":10}},"14":{"start":{"line":51,"column":6},"end":{"line":60,"column":8}},"15":{"start":{"line":52,"column":8},"end":{"line":54,"column":9}},"16":{"start":{"line":53,"column":10},"end":{"line":53,"column":23}},"17":{"start":{"line":56,"column":8},"end":{"line":59,"column":10}},"18":{"start":{"line":61,"column":62},"end":{"line":61,"column":76}},"19":{"start":{"line":72,"column":4},"end":{"line":72,"column":21}},"20":{"start":{"line":74,"column":27},"end":{"line":74,"column":60}},"21":{"start":{"line":74,"column":49},"end":{"line":74,"column":60}}},"fnMap":{"0":{"name":"(anonymous_0)","decl":{"start":{"line":17,"column":13},"end":{"line":17,"column":14}},"loc":{"start":{"line":17,"column":59},"end":{"line":20,"column":5}},"line":17},"1":{"name":"(anonymous_1)","decl":{"start":{"line":21,"column":14},"end":{"line":21,"column":15}},"loc":{"start":{"line":22,"column":6},"end":{"line":31,"column":8}},"line":22},"2":{"name":"(anonymous_2)","decl":{"start":{"line":22,"column":17},"end":{"line":22,"column":18}},"loc":{"start":{"line":22,"column":26},"end":{"line":31,"column":7}},"line":22},"3":{"name":"(anonymous_3)","decl":{"start":{"line":32,"column":17},"end":{"line":32,"column":18}},"loc":{"start":{"line":33,"column":6},"end":{"line":42,"column":8}},"line":33},"4":{"name":"(anonymous_4)","decl":{"start":{"line":33,"column":17},"end":{"line":33,"column":18}},"loc":{"start":{"line":33,"column":26},"end":{"line":42,"column":7}},"line":33},"5":{"name":"(anonymous_5)","decl":{"start":{"line":43,"column":20},"end":{"line":43,"column":21}},"loc":{"start":{"line":44,"column":6},"end":{"line":49,"column":8}},"line":44},"6":{"name":"(anonymous_6)","decl":{"start":{"line":44,"column":17},"end":{"line":44,"column":18}},"loc":{"start":{"line":44,"column":26},"end":{"line":49,"column":7}},"line":44},"7":{"name":"(anonymous_7)","decl":{"start":{"line":50,"column":16},"end":{"line":50,"column":17}},"loc":{"start":{"line":51,"column":6},"end":{"line":60,"column":8}},"line":51},"8":{"name":"(anonymous_8)","decl":{"start":{"line":51,"column":17},"end":{"line":51,"column":18}},"loc":{"start":{"line":51,"column":26},"end":{"line":60,"column":7}},"line":51},"9":{"name":"(anonymous_9)","decl":{"start":{"line":61,"column":14},"end":{"line":61,"column":15}},"loc":{"start":{"line":61,"column":62},"end":{"line":61,"column":76}},"line":61},"10":{"name":"(anonymous_10)","decl":{"start":{"line":74,"column":27},"end":{"line":74,"column":28}},"loc":{"start":{"line":74,"column":49},"end":{"line":74,"column":60}},"line":74}},"branchMap":{"0":{"loc":{"start":{"line":23,"column":8},"end":{"line":25,"column":9}},"type":"if","locations":[{"start":{"line":23,"column":8},"end":{"line":25,"column":9}},{"start":{},"end":{}}],"line":23},"1":{"loc":{"start":{"line":34,"column":8},"end":{"line":36,"column":9}},"type":"if","locations":[{"start":{"line":34,"column":8},"end":{"line":36,"column":9}},{"start":{},"end":{}}],"line":34},"2":{"loc":{"start":{"line":52,"column":8},"end":{"line":54,"column":9}},"type":"if","locations":[{"start":{"line":52,"column":8},"end":{"line":54,"column":9}},{"start":{},"end":{}}],"line":52}},"s":{"0":2,"1":2,"2":1,"3":1,"4":1,"5":2,"6":1,"7":1,"8":1,"9":3,"10":1,"11":2,"12":1,"13":3,"14":1,"15":3,"16":1,"17":2,"18":1,"19":2,"20":2,"21":1},"f":{"0":1,"1":1,"2":2,"3":1,"4":3,"5":1,"6":3,"7":1,"8":3,"9":1,"10":1},"b":{"0":[1,1],"1":[1,2],"2":[1,2]},"_coverageSchema":"1a1c01bbd47fc00a2c39e90264f33305004495a9","hash":"e1b63b612f900c95b2fb15d2089bb1e4d25dcb6c"}
,"/Users/foreward/Code/interview-test/singtel/CardGame/src/Models/Step/Slice.tsx": {"path":"/Users/foreward/Code/interview-test/singtel/CardGame/src/Models/Step/Slice.tsx","statementMap":{"0":{"start":{"line":8,"column":32},"end":{"line":10,"column":1}},"1":{"start":{"line":12,"column":25},"end":{"line":23,"column":2}},"2":{"start":{"line":17,"column":6},"end":{"line":17,"column":23}},"3":{"start":{"line":20,"column":6},"end":{"line":20,"column":22}},"4":{"start":{"line":25,"column":42},"end":{"line":25,"column":59}},"5":{"start":{"line":27,"column":26},"end":{"line":27,"column":64}},"6":{"start":{"line":27,"column":48},"end":{"line":27,"column":64}}},"fnMap":{"0":{"name":"(anonymous_0)","decl":{"start":{"line":16,"column":19},"end":{"line":16,"column":20}},"loc":{"start":{"line":16,"column":28},"end":{"line":18,"column":5}},"line":16},"1":{"name":"(anonymous_1)","decl":{"start":{"line":19,"column":15},"end":{"line":19,"column":16}},"loc":{"start":{"line":19,"column":24},"end":{"line":21,"column":5}},"line":19},"2":{"name":"(anonymous_2)","decl":{"start":{"line":27,"column":26},"end":{"line":27,"column":27}},"loc":{"start":{"line":27,"column":48},"end":{"line":27,"column":64}},"line":27}},"branchMap":{},"s":{"0":2,"1":2,"2":1,"3":1,"4":2,"5":2,"6":1},"f":{"0":1,"1":1,"2":1},"b":{},"_coverageSchema":"1a1c01bbd47fc00a2c39e90264f33305004495a9","hash":"6732e526f2a19a6ee37fb087c6066a9b979c78b9"}
,"/Users/foreward/Code/interview-test/singtel/CardGame/src/Screens/Game/Game.tsx": {"path":"/Users/foreward/Code/interview-test/singtel/CardGame/src/Screens/Game/Game.tsx","statementMap":{"0":{"start":{"line":17,"column":32},"end":{"line":33,"column":1}},"1":{"start":{"line":18,"column":18},"end":{"line":18,"column":20}},"2":{"start":{"line":19,"column":2},"end":{"line":22,"column":3}},"3":{"start":{"line":20,"column":14},"end":{"line":20,"column":49}},"4":{"start":{"line":21,"column":4},"end":{"line":21,"column":51}},"5":{"start":{"line":21,"column":35},"end":{"line":21,"column":51}},"6":{"start":{"line":24,"column":16},"end":{"line":24,"column":40}},"7":{"start":{"line":25,"column":2},"end":{"line":25,"column":40}},"8":{"start":{"line":25,"column":19},"end":{"line":25,"column":38}},"9":{"start":{"line":27,"column":2},"end":{"line":32,"column":6}},"10":{"start":{"line":27,"column":37},"end":{"line":32,"column":3}},"11":{"start":{"line":35,"column":19},"end":{"line":137,"column":1}},"12":{"start":{"line":36,"column":15},"end":{"line":36,"column":41}},"13":{"start":{"line":37,"column":16},"end":{"line":37,"column":43}},"14":{"start":{"line":38,"column":19},"end":{"line":38,"column":35}},"15":{"start":{"line":40,"column":16},"end":{"line":44,"column":3}},"16":{"start":{"line":41,"column":15},"end":{"line":41,"column":33}},"17":{"start":{"line":42,"column":4},"end":{"line":42,"column":27}},"18":{"start":{"line":43,"column":4},"end":{"line":43,"column":26}},"19":{"start":{"line":46,"column":2},"end":{"line":48,"column":9}},"20":{"start":{"line":47,"column":4},"end":{"line":47,"column":12}},"21":{"start":{"line":50,"column":2},"end":{"line":75,"column":14}},"22":{"start":{"line":51,"column":18},"end":{"line":51,"column":28}},"23":{"start":{"line":52,"column":26},"end":{"line":52,"column":77}},"24":{"start":{"line":52,"column":47},"end":{"line":52,"column":76}},"25":{"start":{"line":54,"column":4},"end":{"line":62,"column":5}},"26":{"start":{"line":55,"column":6},"end":{"line":61,"column":7}},"27":{"start":{"line":56,"column":8},"end":{"line":58,"column":17}},"28":{"start":{"line":57,"column":10},"end":{"line":57,"column":68}},"29":{"start":{"line":57,"column":57},"end":{"line":57,"column":64}},"30":{"start":{"line":60,"column":8},"end":{"line":60,"column":65}},"31":{"start":{"line":60,"column":54},"end":{"line":60,"column":61}},"32":{"start":{"line":64,"column":4},"end":{"line":64,"column":23}},"33":{"start":{"line":66,"column":4},"end":{"line":74,"column":5}},"34":{"start":{"line":70,"column":10},"end":{"line":70,"column":77}},"35":{"start":{"line":73,"column":6},"end":{"line":73,"column":31}},"36":{"start":{"line":77,"column":22},"end":{"line":82,"column":3}},"37":{"start":{"line":78,"column":4},"end":{"line":78,"column":32}},"38":{"start":{"line":79,"column":4},"end":{"line":81,"column":5}},"39":{"start":{"line":80,"column":6},"end":{"line":80,"column":32}},"40":{"start":{"line":84,"column":25},"end":{"line":106,"column":13}},"41":{"start":{"line":85,"column":17},"end":{"line":85,"column":19}},"42":{"start":{"line":86,"column":4},"end":{"line":89,"column":5}},"43":{"start":{"line":86,"column":17},"end":{"line":86,"column":18}},"44":{"start":{"line":87,"column":18},"end":{"line":87,"column":39}},"45":{"start":{"line":88,"column":6},"end":{"line":88,"column":21}},"46":{"start":{"line":91,"column":4},"end":{"line":105,"column":6}},"47":{"start":{"line":94,"column":10},"end":{"line":102,"column":17}},"48":{"start":{"line":96,"column":14},"end":{"line":100,"column":16}},"49":{"start":{"line":108,"column":2},"end":{"line":136,"column":4}},"50":{"start":{"line":115,"column":14},"end":{"line":115,"column":41}},"51":{"start":{"line":116,"column":14},"end":{"line":118,"column":23}},"52":{"start":{"line":117,"column":16},"end":{"line":117,"column":24}}},"fnMap":{"0":{"name":"(anonymous_0)","decl":{"start":{"line":17,"column":32},"end":{"line":17,"column":33}},"loc":{"start":{"line":17,"column":38},"end":{"line":33,"column":1}},"line":17},"1":{"name":"(anonymous_1)","decl":{"start":{"line":25,"column":13},"end":{"line":25,"column":14}},"loc":{"start":{"line":25,"column":19},"end":{"line":25,"column":38}},"line":25},"2":{"name":"(anonymous_2)","decl":{"start":{"line":27,"column":19},"end":{"line":27,"column":20}},"loc":{"start":{"line":27,"column":37},"end":{"line":32,"column":3}},"line":27},"3":{"name":"(anonymous_3)","decl":{"start":{"line":35,"column":19},"end":{"line":35,"column":20}},"loc":{"start":{"line":35,"column":25},"end":{"line":137,"column":1}},"line":35},"4":{"name":"(anonymous_4)","decl":{"start":{"line":40,"column":16},"end":{"line":40,"column":17}},"loc":{"start":{"line":40,"column":22},"end":{"line":44,"column":3}},"line":40},"5":{"name":"(anonymous_5)","decl":{"start":{"line":46,"column":12},"end":{"line":46,"column":13}},"loc":{"start":{"line":46,"column":18},"end":{"line":48,"column":3}},"line":46},"6":{"name":"(anonymous_6)","decl":{"start":{"line":50,"column":12},"end":{"line":50,"column":13}},"loc":{"start":{"line":50,"column":18},"end":{"line":75,"column":3}},"line":50},"7":{"name":"(anonymous_7)","decl":{"start":{"line":52,"column":39},"end":{"line":52,"column":40}},"loc":{"start":{"line":52,"column":47},"end":{"line":52,"column":76}},"line":52},"8":{"name":"(anonymous_8)","decl":{"start":{"line":56,"column":19},"end":{"line":56,"column":20}},"loc":{"start":{"line":56,"column":25},"end":{"line":58,"column":9}},"line":56},"9":{"name":"(anonymous_9)","decl":{"start":{"line":57,"column":49},"end":{"line":57,"column":50}},"loc":{"start":{"line":57,"column":57},"end":{"line":57,"column":64}},"line":57},"10":{"name":"(anonymous_10)","decl":{"start":{"line":60,"column":46},"end":{"line":60,"column":47}},"loc":{"start":{"line":60,"column":54},"end":{"line":60,"column":61}},"line":60},"11":{"name":"(anonymous_11)","decl":{"start":{"line":69,"column":8},"end":{"line":69,"column":9}},"loc":{"start":{"line":70,"column":10},"end":{"line":70,"column":77}},"line":70},"12":{"name":"(anonymous_12)","decl":{"start":{"line":77,"column":22},"end":{"line":77,"column":23}},"loc":{"start":{"line":77,"column":43},"end":{"line":82,"column":3}},"line":77},"13":{"name":"(anonymous_13)","decl":{"start":{"line":84,"column":37},"end":{"line":84,"column":38}},"loc":{"start":{"line":84,"column":43},"end":{"line":106,"column":3}},"line":84},"14":{"name":"(anonymous_14)","decl":{"start":{"line":93,"column":19},"end":{"line":93,"column":20}},"loc":{"start":{"line":94,"column":10},"end":{"line":102,"column":17}},"line":94},"15":{"name":"(anonymous_15)","decl":{"start":{"line":95,"column":22},"end":{"line":95,"column":23}},"loc":{"start":{"line":96,"column":14},"end":{"line":100,"column":16}},"line":96},"16":{"name":"(anonymous_16)","decl":{"start":{"line":114,"column":21},"end":{"line":114,"column":22}},"loc":{"start":{"line":114,"column":27},"end":{"line":119,"column":13}},"line":114},"17":{"name":"(anonymous_17)","decl":{"start":{"line":116,"column":25},"end":{"line":116,"column":26}},"loc":{"start":{"line":116,"column":31},"end":{"line":118,"column":15}},"line":116}},"branchMap":{"0":{"loc":{"start":{"line":21,"column":4},"end":{"line":21,"column":51}},"type":"if","locations":[{"start":{"line":21,"column":4},"end":{"line":21,"column":51}},{"start":{},"end":{}}],"line":21},"1":{"loc":{"start":{"line":52,"column":47},"end":{"line":52,"column":76}},"type":"binary-expr","locations":[{"start":{"line":52,"column":47},"end":{"line":52,"column":59}},{"start":{"line":52,"column":63},"end":{"line":52,"column":76}}],"line":52},"2":{"loc":{"start":{"line":54,"column":4},"end":{"line":62,"column":5}},"type":"if","locations":[{"start":{"line":54,"column":4},"end":{"line":62,"column":5}},{"start":{},"end":{}}],"line":54},"3":{"loc":{"start":{"line":55,"column":6},"end":{"line":61,"column":7}},"type":"if","locations":[{"start":{"line":55,"column":6},"end":{"line":61,"column":7}},{"start":{"line":59,"column":13},"end":{"line":61,"column":7}}],"line":55},"4":{"loc":{"start":{"line":66,"column":4},"end":{"line":74,"column":5}},"type":"if","locations":[{"start":{"line":66,"column":4},"end":{"line":74,"column":5}},{"start":{},"end":{}}],"line":66},"5":{"loc":{"start":{"line":67,"column":6},"end":{"line":71,"column":20}},"type":"binary-expr","locations":[{"start":{"line":67,"column":6},"end":{"line":67,"column":22}},{"start":{"line":68,"column":6},"end":{"line":71,"column":20}}],"line":67},"6":{"loc":{"start":{"line":70,"column":10},"end":{"line":70,"column":77}},"type":"binary-expr","locations":[{"start":{"line":70,"column":11},"end":{"line":70,"column":24}},{"start":{"line":70,"column":28},"end":{"line":70,"column":40}},{"start":{"line":70,"column":46},"end":{"line":70,"column":59}},{"start":{"line":70,"column":63},"end":{"line":70,"column":76}}],"line":70},"7":{"loc":{"start":{"line":79,"column":4},"end":{"line":81,"column":5}},"type":"if","locations":[{"start":{"line":79,"column":4},"end":{"line":81,"column":5}},{"start":{},"end":{}}],"line":79}},"s":{"0":1,"1":0,"2":0,"3":0,"4":0,"5":0,"6":0,"7":0,"8":0,"9":0,"10":0,"11":1,"12":0,"13":0,"14":0,"15":0,"16":0,"17":0,"18":0,"19":0,"20":0,"21":0,"22":0,"23":0,"24":0,"25":0,"26":0,"27":0,"28":0,"29":0,"30":0,"31":0,"32":0,"33":0,"34":0,"35":0,"36":0,"37":0,"38":0,"39":0,"40":0,"41":0,"42":0,"43":0,"44":0,"45":0,"46":0,"47":0,"48":0,"49":0,"50":0,"51":0,"52":0},"f":{"0":0,"1":0,"2":0,"3":0,"4":0,"5":0,"6":0,"7":0,"8":0,"9":0,"10":0,"11":0,"12":0,"13":0,"14":0,"15":0,"16":0,"17":0},"b":{"0":[0,0],"1":[0,0],"2":[0,0],"3":[0,0],"4":[0,0],"5":[0,0],"6":[0,0,0,0],"7":[0,0]},"_coverageSchema":"1a1c01bbd47fc00a2c39e90264f33305004495a9","hash":"eec798f427be54eaef2cae5884aaf0e3863781c2"}
,"/Users/foreward/Code/interview-test/singtel/CardGame/src/Store/Config.tsx": {"path":"/Users/foreward/Code/interview-test/singtel/CardGame/src/Store/Config.tsx","statementMap":{"0":{"start":{"line":9,"column":20},"end":{"line":12,"column":2}},"1":{"start":{"line":15,"column":2},"end":{"line":18,"column":5}}},"fnMap":{"0":{"name":"setupStore","decl":{"start":{"line":14,"column":16},"end":{"line":14,"column":26}},"loc":{"start":{"line":14,"column":71},"end":{"line":19,"column":1}},"line":14}},"branchMap":{},"s":{"0":1,"1":1},"f":{"0":1},"b":{},"_coverageSchema":"1a1c01bbd47fc00a2c39e90264f33305004495a9","hash":"62dfe45abfe3d5485d43480ac814c3621611fa47"}
,"/Users/foreward/Code/interview-test/singtel/CardGame/src/Utils/Hooks.ts": {"path":"/Users/foreward/Code/interview-test/singtel/CardGame/src/Utils/Hooks.ts","statementMap":{"0":{"start":{"line":4,"column":49},"end":{"line":4,"column":60}},"1":{"start":{"line":5,"column":63},"end":{"line":5,"column":74}}},"fnMap":{},"branchMap":{},"s":{"0":1,"1":1},"f":{},"b":{},"_coverageSchema":"1a1c01bbd47fc00a2c39e90264f33305004495a9","hash":"1ad58dca26ae4c94a8efe44a327333170d152c6e"}
,"/Users/foreward/Code/interview-test/singtel/CardGame/src/Utils/TestUtils.tsx": {"path":"/Users/foreward/Code/interview-test/singtel/CardGame/src/Utils/TestUtils.tsx","statementMap":{"0":{"start":{"line":31,"column":4},"end":{"line":31,"column":57}},"1":{"start":{"line":35,"column":2},"end":{"line":35,"column":70}}},"fnMap":{"0":{"name":"renderWithProviders","decl":{"start":{"line":21,"column":16},"end":{"line":21,"column":35}},"loc":{"start":{"line":29,"column":2},"end":{"line":36,"column":1}},"line":29},"1":{"name":"Wrapper","decl":{"start":{"line":30,"column":11},"end":{"line":30,"column":18}},"loc":{"start":{"line":30,"column":67},"end":{"line":32,"column":3}},"line":30}},"branchMap":{"0":{"loc":{"start":{"line":23,"column":2},"end":{"line":28,"column":31}},"type":"default-arg","locations":[{"start":{"line":28,"column":29},"end":{"line":28,"column":31}}],"line":23},"1":{"loc":{"start":{"line":24,"column":4},"end":{"line":24,"column":50}},"type":"default-arg","locations":[{"start":{"line":24,"column":21},"end":{"line":24,"column":50}}],"line":24},"2":{"loc":{"start":{"line":26,"column":4},"end":{"line":26,"column":38}},"type":"default-arg","locations":[{"start":{"line":26,"column":12},"end":{"line":26,"column":38}}],"line":26}},"s":{"0":0,"1":1},"f":{"0":1,"1":0},"b":{"0":[1],"1":[1],"2":[1]},"_coverageSchema":"1a1c01bbd47fc00a2c39e90264f33305004495a9","hash":"ef913973dcfc1c23cdf52537d7ea6313a7ebb852"}
}
