{"/Users/foreward/Code/interview-test/singtel/CardGame/src/Assets/Images/card-back.png": {"path":"/Users/foreward/Code/interview-test/singtel/CardGame/src/Assets/Images/card-back.png","statementMap":{"0":{"start":{"line":1,"column":0},"end":{"line":4,"column":6}}},"fnMap":{},"branchMap":{},"s":{"0":2},"f":{},"b":{},"_coverageSchema":"1a1c01bbd47fc00a2c39e90264f33305004495a9","hash":"723f30079611c0348ca2be78159c71e286ce71f8"}
,"/Users/foreward/Code/interview-test/singtel/CardGame/src/Assets/Images/index.tsx": {"path":"/Users/foreward/Code/interview-test/singtel/CardGame/src/Assets/Images/index.tsx","statementMap":{},"fnMap":{},"branchMap":{},"s":{},"f":{},"b":{},"_coverageSchema":"1a1c01bbd47fc00a2c39e90264f33305004495a9","hash":"a2f90bcde160d31fe0d809c429636ba5c884c59d"}
,"/Users/foreward/Code/interview-test/singtel/CardGame/src/Components/Card/Card.tsx": {"path":"/Users/foreward/Code/interview-test/singtel/CardGame/src/Components/Card/Card.tsx","statementMap":{"0":{"start":{"line":19,"column":13},"end":{"line":141,"column":1}},"1":{"start":{"line":20,"column":28},"end":{"line":20,"column":33}},"2":{"start":{"line":21,"column":36},"end":{"line":21,"column":57}},"3":{"start":{"line":22,"column":15},"end":{"line":22,"column":52}},"4":{"start":{"line":23,"column":16},"end":{"line":23,"column":53}},"5":{"start":{"line":25,"column":27},"end":{"line":35,"column":3}},"6":{"start":{"line":37,"column":26},"end":{"line":47,"column":3}},"7":{"start":{"line":49,"column":21},"end":{"line":51,"column":3}},"8":{"start":{"line":53,"column":22},"end":{"line":60,"column":12}},"9":{"start":{"line":54,"column":4},"end":{"line":59,"column":15}},"10":{"start":{"line":62,"column":21},"end":{"line":69,"column":12}},"11":{"start":{"line":63,"column":4},"end":{"line":68,"column":15}},"12":{"start":{"line":71,"column":25},"end":{"line":94,"column":13}},"13":{"start":{"line":72,"column":4},"end":{"line":93,"column":15}},"14":{"start":{"line":96,"column":19},"end":{"line":98,"column":21}},"15":{"start":{"line":97,"column":4},"end":{"line":97,"column":29}},"16":{"start":{"line":100,"column":2},"end":{"line":118,"column":65}},"17":{"start":{"line":101,"column":4},"end":{"line":115,"column":5}},"18":{"start":{"line":102,"column":6},"end":{"line":102,"column":20}},"19":{"start":{"line":104,"column":6},"end":{"line":114,"column":7}},"20":{"start":{"line":105,"column":8},"end":{"line":107,"column":9}},"21":{"start":{"line":106,"column":10},"end":{"line":106,"column":27}},"22":{"start":{"line":108,"column":8},"end":{"line":113,"column":10}},"23":{"start":{"line":110,"column":12},"end":{"line":110,"column":25}},"24":{"start":{"line":117,"column":4},"end":{"line":117,"column":23}},"25":{"start":{"line":120,"column":2},"end":{"line":140,"column":4}},"26":{"start":{"line":124,"column":21},"end":{"line":124,"column":31}},"27":{"start":{"line":143,"column":15},"end":{"line":177,"column":2}}},"fnMap":{"0":{"name":"(anonymous_0)","decl":{"start":{"line":19,"column":13},"end":{"line":19,"column":14}},"loc":{"start":{"line":19,"column":31},"end":{"line":141,"column":1}},"line":19},"1":{"name":"(anonymous_1)","decl":{"start":{"line":53,"column":34},"end":{"line":53,"column":35}},"loc":{"start":{"line":53,"column":40},"end":{"line":60,"column":3}},"line":53},"2":{"name":"(anonymous_2)","decl":{"start":{"line":62,"column":33},"end":{"line":62,"column":34}},"loc":{"start":{"line":62,"column":39},"end":{"line":69,"column":3}},"line":62},"3":{"name":"(anonymous_3)","decl":{"start":{"line":71,"column":37},"end":{"line":71,"column":38}},"loc":{"start":{"line":71,"column":43},"end":{"line":94,"column":3}},"line":71},"4":{"name":"(anonymous_4)","decl":{"start":{"line":96,"column":31},"end":{"line":96,"column":32}},"loc":{"start":{"line":96,"column":37},"end":{"line":98,"column":3}},"line":96},"5":{"name":"(anonymous_5)","decl":{"start":{"line":100,"column":12},"end":{"line":100,"column":13}},"loc":{"start":{"line":100,"column":18},"end":{"line":118,"column":3}},"line":100},"6":{"name":"(anonymous_6)","decl":{"start":{"line":109,"column":10},"end":{"line":109,"column":11}},"loc":{"start":{"line":109,"column":16},"end":{"line":111,"column":11}},"line":109},"7":{"name":"(anonymous_7)","decl":{"start":{"line":124,"column":15},"end":{"line":124,"column":16}},"loc":{"start":{"line":124,"column":21},"end":{"line":124,"column":31}},"line":124}},"branchMap":{"0":{"loc":{"start":{"line":97,"column":4},"end":{"line":97,"column":28}},"type":"binary-expr","locations":[{"start":{"line":97,"column":4},"end":{"line":97,"column":11}},{"start":{"line":97,"column":15},"end":{"line":97,"column":28}}],"line":97},"1":{"loc":{"start":{"line":101,"column":4},"end":{"line":115,"column":5}},"type":"if","locations":[{"start":{"line":101,"column":4},"end":{"line":115,"column":5}},{"start":{"line":103,"column":11},"end":{"line":115,"column":5}}],"line":101},"2":{"loc":{"start":{"line":104,"column":6},"end":{"line":114,"column":7}},"type":"if","locations":[{"start":{"line":104,"column":6},"end":{"line":114,"column":7}},{"start":{},"end":{}}],"line":104},"3":{"loc":{"start":{"line":105,"column":8},"end":{"line":107,"column":9}},"type":"if","locations":[{"start":{"line":105,"column":8},"end":{"line":107,"column":9}},{"start":{},"end":{}}],"line":105},"4":{"loc":{"start":{"line":112,"column":10},"end":{"line":112,"column":39}},"type":"cond-expr","locations":[{"start":{"line":112,"column":32},"end":{"line":112,"column":35}},{"start":{"line":112,"column":38},"end":{"line":112,"column":39}}],"line":112}},"s":{"0":2,"1":470,"2":470,"3":470,"4":470,"5":470,"6":470,"7":470,"8":470,"9":48,"10":470,"11":2,"12":470,"13":1,"14":470,"15":1,"16":470,"17":286,"18":48,"19":238,"20":2,"21":1,"22":2,"23":2,"24":286,"25":470,"26":1,"27":2},"f":{"0":470,"1":48,"2":2,"3":1,"4":1,"5":286,"6":2,"7":1},"b":{"0":[1,1],"1":[48,238],"2":[2,236],"3":[1,1],"4":[1,1]},"_coverageSchema":"1a1c01bbd47fc00a2c39e90264f33305004495a9","hash":"c570cf0e5f4ddc0b388f4a3d62c49e6408e5ae45"}
,"/Users/foreward/Code/interview-test/singtel/CardGame/src/Components/Card/index.tsx": {"path":"/Users/foreward/Code/interview-test/singtel/CardGame/src/Components/Card/index.tsx","statementMap":{},"fnMap":{},"branchMap":{},"s":{},"f":{},"b":{},"_coverageSchema":"1a1c01bbd47fc00a2c39e90264f33305004495a9","hash":"a5e3bc231f061a0b9bb906fc6afdddc657611d54"}
,"/Users/foreward/Code/interview-test/singtel/CardGame/src/Components/Screen/Screen.tsx": {"path":"/Users/foreward/Code/interview-test/singtel/CardGame/src/Components/Screen/Screen.tsx","statementMap":{"0":{"start":{"line":8,"column":15},"end":{"line":11,"column":1}},"1":{"start":{"line":9,"column":23},"end":{"line":9,"column":28}},"2":{"start":{"line":10,"column":2},"end":{"line":10,"column":74}},"3":{"start":{"line":13,"column":15},"end":{"line":15,"column":2}}},"fnMap":{"0":{"name":"(anonymous_0)","decl":{"start":{"line":8,"column":15},"end":{"line":8,"column":16}},"loc":{"start":{"line":8,"column":33},"end":{"line":11,"column":1}},"line":8}},"branchMap":{},"s":{"0":2,"1":23,"2":23,"3":2},"f":{"0":23},"b":{},"_coverageSchema":"1a1c01bbd47fc00a2c39e90264f33305004495a9","hash":"1eb3aefde705f900c6a087a7518720ccb0c79ab8"}
,"/Users/foreward/Code/interview-test/singtel/CardGame/src/Components/Screen/index.tsx": {"path":"/Users/foreward/Code/interview-test/singtel/CardGame/src/Components/Screen/index.tsx","statementMap":{},"fnMap":{},"branchMap":{},"s":{},"f":{},"b":{},"_coverageSchema":"1a1c01bbd47fc00a2c39e90264f33305004495a9","hash":"e40934de6caaee6bf70924e47dcd868408474ca2"}
,"/Users/foreward/Code/interview-test/singtel/CardGame/src/Models/Card/Slice.tsx": {"path":"/Users/foreward/Code/interview-test/singtel/CardGame/src/Models/Card/Slice.tsx","statementMap":{"0":{"start":{"line":11,"column":34},"end":{"line":11,"column":36}},"1":{"start":{"line":13,"column":25},"end":{"line":63,"column":2}},"2":{"start":{"line":18,"column":6},"end":{"line":18,"column":34}},"3":{"start":{"line":19,"column":6},"end":{"line":19,"column":20}},"4":{"start":{"line":22,"column":6},"end":{"line":31,"column":8}},"5":{"start":{"line":23,"column":8},"end":{"line":25,"column":9}},"6":{"start":{"line":24,"column":10},"end":{"line":24,"column":23}},"7":{"start":{"line":27,"column":8},"end":{"line":30,"column":10}},"8":{"start":{"line":33,"column":6},"end":{"line":42,"column":8}},"9":{"start":{"line":34,"column":8},"end":{"line":36,"column":9}},"10":{"start":{"line":35,"column":10},"end":{"line":35,"column":23}},"11":{"start":{"line":38,"column":8},"end":{"line":41,"column":10}},"12":{"start":{"line":44,"column":6},"end":{"line":49,"column":8}},"13":{"start":{"line":45,"column":8},"end":{"line":48,"column":10}},"14":{"start":{"line":51,"column":6},"end":{"line":60,"column":8}},"15":{"start":{"line":52,"column":8},"end":{"line":54,"column":9}},"16":{"start":{"line":53,"column":10},"end":{"line":53,"column":23}},"17":{"start":{"line":56,"column":8},"end":{"line":59,"column":10}},"18":{"start":{"line":61,"column":62},"end":{"line":61,"column":76}},"19":{"start":{"line":72,"column":4},"end":{"line":72,"column":21}},"20":{"start":{"line":74,"column":27},"end":{"line":74,"column":60}},"21":{"start":{"line":74,"column":49},"end":{"line":74,"column":60}}},"fnMap":{"0":{"name":"(anonymous_0)","decl":{"start":{"line":17,"column":13},"end":{"line":17,"column":14}},"loc":{"start":{"line":17,"column":59},"end":{"line":20,"column":5}},"line":17},"1":{"name":"(anonymous_1)","decl":{"start":{"line":21,"column":14},"end":{"line":21,"column":15}},"loc":{"start":{"line":22,"column":6},"end":{"line":31,"column":8}},"line":22},"2":{"name":"(anonymous_2)","decl":{"start":{"line":22,"column":17},"end":{"line":22,"column":18}},"loc":{"start":{"line":22,"column":26},"end":{"line":31,"column":7}},"line":22},"3":{"name":"(anonymous_3)","decl":{"start":{"line":32,"column":17},"end":{"line":32,"column":18}},"loc":{"start":{"line":33,"column":6},"end":{"line":42,"column":8}},"line":33},"4":{"name":"(anonymous_4)","decl":{"start":{"line":33,"column":17},"end":{"line":33,"column":18}},"loc":{"start":{"line":33,"column":26},"end":{"line":42,"column":7}},"line":33},"5":{"name":"(anonymous_5)","decl":{"start":{"line":43,"column":20},"end":{"line":43,"column":21}},"loc":{"start":{"line":44,"column":6},"end":{"line":49,"column":8}},"line":44},"6":{"name":"(anonymous_6)","decl":{"start":{"line":44,"column":17},"end":{"line":44,"column":18}},"loc":{"start":{"line":44,"column":26},"end":{"line":49,"column":7}},"line":44},"7":{"name":"(anonymous_7)","decl":{"start":{"line":50,"column":16},"end":{"line":50,"column":17}},"loc":{"start":{"line":51,"column":6},"end":{"line":60,"column":8}},"line":51},"8":{"name":"(anonymous_8)","decl":{"start":{"line":51,"column":17},"end":{"line":51,"column":18}},"loc":{"start":{"line":51,"column":26},"end":{"line":60,"column":7}},"line":51},"9":{"name":"(anonymous_9)","decl":{"start":{"line":61,"column":14},"end":{"line":61,"column":15}},"loc":{"start":{"line":61,"column":62},"end":{"line":61,"column":76}},"line":61},"10":{"name":"(anonymous_10)","decl":{"start":{"line":74,"column":27},"end":{"line":74,"column":28}},"loc":{"start":{"line":74,"column":49},"end":{"line":74,"column":60}},"line":74}},"branchMap":{"0":{"loc":{"start":{"line":23,"column":8},"end":{"line":25,"column":9}},"type":"if","locations":[{"start":{"line":23,"column":8},"end":{"line":25,"column":9}},{"start":{},"end":{}}],"line":23},"1":{"loc":{"start":{"line":34,"column":8},"end":{"line":36,"column":9}},"type":"if","locations":[{"start":{"line":34,"column":8},"end":{"line":36,"column":9}},{"start":{},"end":{}}],"line":34},"2":{"loc":{"start":{"line":52,"column":8},"end":{"line":54,"column":9}},"type":"if","locations":[{"start":{"line":52,"column":8},"end":{"line":54,"column":9}},{"start":{},"end":{}}],"line":52}},"s":{"0":2,"1":2,"2":1,"3":1,"4":5,"5":50,"6":45,"7":5,"8":1,"9":3,"10":1,"11":2,"12":1,"13":3,"14":2,"15":15,"16":11,"17":4,"18":7,"19":2,"20":2,"21":37},"f":{"0":1,"1":5,"2":50,"3":1,"4":3,"5":1,"6":3,"7":2,"8":15,"9":7,"10":37},"b":{"0":[45,5],"1":[1,2],"2":[11,4]},"_coverageSchema":"1a1c01bbd47fc00a2c39e90264f33305004495a9","hash":"e1b63b612f900c95b2fb15d2089bb1e4d25dcb6c"}
,"/Users/foreward/Code/interview-test/singtel/CardGame/src/Models/Step/Slice.tsx": {"path":"/Users/foreward/Code/interview-test/singtel/CardGame/src/Models/Step/Slice.tsx","statementMap":{"0":{"start":{"line":8,"column":32},"end":{"line":10,"column":1}},"1":{"start":{"line":12,"column":25},"end":{"line":23,"column":2}},"2":{"start":{"line":17,"column":6},"end":{"line":17,"column":23}},"3":{"start":{"line":20,"column":6},"end":{"line":20,"column":22}},"4":{"start":{"line":25,"column":44},"end":{"line":25,"column":61}},"5":{"start":{"line":27,"column":26},"end":{"line":27,"column":64}},"6":{"start":{"line":27,"column":48},"end":{"line":27,"column":64}}},"fnMap":{"0":{"name":"(anonymous_0)","decl":{"start":{"line":16,"column":19},"end":{"line":16,"column":20}},"loc":{"start":{"line":16,"column":28},"end":{"line":18,"column":5}},"line":16},"1":{"name":"(anonymous_1)","decl":{"start":{"line":19,"column":15},"end":{"line":19,"column":16}},"loc":{"start":{"line":19,"column":24},"end":{"line":21,"column":5}},"line":19},"2":{"name":"(anonymous_2)","decl":{"start":{"line":27,"column":26},"end":{"line":27,"column":27}},"loc":{"start":{"line":27,"column":48},"end":{"line":27,"column":64}},"line":27}},"branchMap":{},"s":{"0":2,"1":2,"2":5,"3":7,"4":2,"5":2,"6":48},"f":{"0":5,"1":7,"2":48},"b":{},"_coverageSchema":"1a1c01bbd47fc00a2c39e90264f33305004495a9","hash":"02f10a719c20bd01c2878e94cac8fdc636ceff42"}
,"/Users/foreward/Code/interview-test/singtel/CardGame/src/Screens/Game/Game.tsx": {"path":"/Users/foreward/Code/interview-test/singtel/CardGame/src/Screens/Game/Game.tsx","statementMap":{"0":{"start":{"line":24,"column":32},"end":{"line":37,"column":1}},"1":{"start":{"line":25,"column":18},"end":{"line":25,"column":20}},"2":{"start":{"line":26,"column":2},"end":{"line":31,"column":3}},"3":{"start":{"line":27,"column":14},"end":{"line":27,"column":49}},"4":{"start":{"line":28,"column":4},"end":{"line":30,"column":5}},"5":{"start":{"line":29,"column":6},"end":{"line":29,"column":22}},"6":{"start":{"line":33,"column":16},"end":{"line":33,"column":40}},"7":{"start":{"line":34,"column":2},"end":{"line":34,"column":40}},"8":{"start":{"line":34,"column":19},"end":{"line":34,"column":38}},"9":{"start":{"line":36,"column":2},"end":{"line":36,"column":15}},"10":{"start":{"line":39,"column":19},"end":{"line":184,"column":1}},"11":{"start":{"line":40,"column":15},"end":{"line":40,"column":41}},"12":{"start":{"line":41,"column":16},"end":{"line":41,"column":43}},"13":{"start":{"line":42,"column":19},"end":{"line":42,"column":35}},"14":{"start":{"line":44,"column":16},"end":{"line":57,"column":16}},"15":{"start":{"line":45,"column":18},"end":{"line":45,"column":36}},"16":{"start":{"line":46,"column":4},"end":{"line":55,"column":6}},"17":{"start":{"line":48,"column":36},"end":{"line":53,"column":9}},"18":{"start":{"line":56,"column":4},"end":{"line":56,"column":26}},"19":{"start":{"line":59,"column":2},"end":{"line":61,"column":14}},"20":{"start":{"line":60,"column":4},"end":{"line":60,"column":12}},"21":{"start":{"line":63,"column":2},"end":{"line":97,"column":37}},"22":{"start":{"line":64,"column":18},"end":{"line":64,"column":28}},"23":{"start":{"line":65,"column":26},"end":{"line":65,"column":77}},"24":{"start":{"line":65,"column":47},"end":{"line":65,"column":76}},"25":{"start":{"line":67,"column":4},"end":{"line":75,"column":5}},"26":{"start":{"line":68,"column":6},"end":{"line":74,"column":7}},"27":{"start":{"line":69,"column":8},"end":{"line":71,"column":16}},"28":{"start":{"line":70,"column":10},"end":{"line":70,"column":68}},"29":{"start":{"line":70,"column":57},"end":{"line":70,"column":64}},"30":{"start":{"line":73,"column":8},"end":{"line":73,"column":65}},"31":{"start":{"line":73,"column":54},"end":{"line":73,"column":61}},"32":{"start":{"line":77,"column":4},"end":{"line":96,"column":5}},"33":{"start":{"line":81,"column":10},"end":{"line":81,"column":77}},"34":{"start":{"line":84,"column":6},"end":{"line":95,"column":8}},"35":{"start":{"line":91,"column":14},"end":{"line":91,"column":22}},"36":{"start":{"line":99,"column":25},"end":{"line":128,"column":23}},"37":{"start":{"line":100,"column":24},"end":{"line":105,"column":5}},"38":{"start":{"line":101,"column":6},"end":{"line":101,"column":34}},"39":{"start":{"line":102,"column":6},"end":{"line":104,"column":7}},"40":{"start":{"line":103,"column":8},"end":{"line":103,"column":34}},"41":{"start":{"line":107,"column":17},"end":{"line":107,"column":19}},"42":{"start":{"line":108,"column":4},"end":{"line":111,"column":5}},"43":{"start":{"line":108,"column":17},"end":{"line":108,"column":18}},"44":{"start":{"line":109,"column":18},"end":{"line":109,"column":39}},"45":{"start":{"line":110,"column":6},"end":{"line":110,"column":21}},"46":{"start":{"line":113,"column":4},"end":{"line":127,"column":6}},"47":{"start":{"line":116,"column":10},"end":{"line":124,"column":17}},"48":{"start":{"line":118,"column":14},"end":{"line":122,"column":16}},"49":{"start":{"line":130,"column":23},"end":{"line":135,"column":13}},"50":{"start":{"line":131,"column":18},"end":{"line":131,"column":28}},"51":{"start":{"line":132,"column":25},"end":{"line":132,"column":67}},"52":{"start":{"line":132,"column":46},"end":{"line":132,"column":58}},"53":{"start":{"line":134,"column":4},"end":{"line":134,"column":28}},"54":{"start":{"line":137,"column":2},"end":{"line":183,"column":4}},"55":{"start":{"line":146,"column":14},"end":{"line":161,"column":16}},"56":{"start":{"line":154,"column":22},"end":{"line":154,"column":49}},"57":{"start":{"line":155,"column":22},"end":{"line":157,"column":31}},"58":{"start":{"line":156,"column":24},"end":{"line":156,"column":32}},"59":{"start":{"line":186,"column":15},"end":{"line":210,"column":2}}},"fnMap":{"0":{"name":"(anonymous_0)","decl":{"start":{"line":24,"column":32},"end":{"line":24,"column":33}},"loc":{"start":{"line":24,"column":38},"end":{"line":37,"column":1}},"line":24},"1":{"name":"(anonymous_1)","decl":{"start":{"line":34,"column":13},"end":{"line":34,"column":14}},"loc":{"start":{"line":34,"column":19},"end":{"line":34,"column":38}},"line":34},"2":{"name":"(anonymous_2)","decl":{"start":{"line":39,"column":19},"end":{"line":39,"column":20}},"loc":{"start":{"line":39,"column":25},"end":{"line":184,"column":1}},"line":39},"3":{"name":"(anonymous_3)","decl":{"start":{"line":44,"column":28},"end":{"line":44,"column":29}},"loc":{"start":{"line":44,"column":34},"end":{"line":57,"column":3}},"line":44},"4":{"name":"(anonymous_4)","decl":{"start":{"line":48,"column":18},"end":{"line":48,"column":19}},"loc":{"start":{"line":48,"column":36},"end":{"line":53,"column":9}},"line":48},"5":{"name":"(anonymous_5)","decl":{"start":{"line":59,"column":12},"end":{"line":59,"column":13}},"loc":{"start":{"line":59,"column":18},"end":{"line":61,"column":3}},"line":59},"6":{"name":"(anonymous_6)","decl":{"start":{"line":63,"column":12},"end":{"line":63,"column":13}},"loc":{"start":{"line":63,"column":18},"end":{"line":97,"column":3}},"line":63},"7":{"name":"(anonymous_7)","decl":{"start":{"line":65,"column":39},"end":{"line":65,"column":40}},"loc":{"start":{"line":65,"column":47},"end":{"line":65,"column":76}},"line":65},"8":{"name":"(anonymous_8)","decl":{"start":{"line":69,"column":19},"end":{"line":69,"column":20}},"loc":{"start":{"line":69,"column":25},"end":{"line":71,"column":9}},"line":69},"9":{"name":"(anonymous_9)","decl":{"start":{"line":70,"column":49},"end":{"line":70,"column":50}},"loc":{"start":{"line":70,"column":57},"end":{"line":70,"column":64}},"line":70},"10":{"name":"(anonymous_10)","decl":{"start":{"line":73,"column":46},"end":{"line":73,"column":47}},"loc":{"start":{"line":73,"column":54},"end":{"line":73,"column":61}},"line":73},"11":{"name":"(anonymous_11)","decl":{"start":{"line":80,"column":8},"end":{"line":80,"column":9}},"loc":{"start":{"line":81,"column":10},"end":{"line":81,"column":77}},"line":81},"12":{"name":"(anonymous_12)","decl":{"start":{"line":90,"column":21},"end":{"line":90,"column":22}},"loc":{"start":{"line":90,"column":27},"end":{"line":92,"column":13}},"line":90},"13":{"name":"(anonymous_13)","decl":{"start":{"line":99,"column":37},"end":{"line":99,"column":38}},"loc":{"start":{"line":99,"column":43},"end":{"line":128,"column":3}},"line":99},"14":{"name":"(anonymous_14)","decl":{"start":{"line":100,"column":24},"end":{"line":100,"column":25}},"loc":{"start":{"line":100,"column":45},"end":{"line":105,"column":5}},"line":100},"15":{"name":"(anonymous_15)","decl":{"start":{"line":115,"column":19},"end":{"line":115,"column":20}},"loc":{"start":{"line":116,"column":10},"end":{"line":124,"column":17}},"line":116},"16":{"name":"(anonymous_16)","decl":{"start":{"line":117,"column":22},"end":{"line":117,"column":23}},"loc":{"start":{"line":118,"column":14},"end":{"line":122,"column":16}},"line":118},"17":{"name":"(anonymous_17)","decl":{"start":{"line":130,"column":35},"end":{"line":130,"column":36}},"loc":{"start":{"line":130,"column":41},"end":{"line":135,"column":3}},"line":130},"18":{"name":"(anonymous_18)","decl":{"start":{"line":132,"column":38},"end":{"line":132,"column":39}},"loc":{"start":{"line":132,"column":46},"end":{"line":132,"column":58}},"line":132},"19":{"name":"(anonymous_19)","decl":{"start":{"line":145,"column":21},"end":{"line":145,"column":22}},"loc":{"start":{"line":145,"column":27},"end":{"line":162,"column":13}},"line":145},"20":{"name":"(anonymous_20)","decl":{"start":{"line":153,"column":29},"end":{"line":153,"column":30}},"loc":{"start":{"line":153,"column":35},"end":{"line":158,"column":21}},"line":153},"21":{"name":"(anonymous_21)","decl":{"start":{"line":155,"column":33},"end":{"line":155,"column":34}},"loc":{"start":{"line":155,"column":39},"end":{"line":157,"column":23}},"line":155}},"branchMap":{"0":{"loc":{"start":{"line":28,"column":4},"end":{"line":30,"column":5}},"type":"if","locations":[{"start":{"line":28,"column":4},"end":{"line":30,"column":5}},{"start":{},"end":{}}],"line":28},"1":{"loc":{"start":{"line":65,"column":47},"end":{"line":65,"column":76}},"type":"binary-expr","locations":[{"start":{"line":65,"column":47},"end":{"line":65,"column":59}},{"start":{"line":65,"column":63},"end":{"line":65,"column":76}}],"line":65},"2":{"loc":{"start":{"line":67,"column":4},"end":{"line":75,"column":5}},"type":"if","locations":[{"start":{"line":67,"column":4},"end":{"line":75,"column":5}},{"start":{},"end":{}}],"line":67},"3":{"loc":{"start":{"line":68,"column":6},"end":{"line":74,"column":7}},"type":"if","locations":[{"start":{"line":68,"column":6},"end":{"line":74,"column":7}},{"start":{"line":72,"column":13},"end":{"line":74,"column":7}}],"line":68},"4":{"loc":{"start":{"line":77,"column":4},"end":{"line":96,"column":5}},"type":"if","locations":[{"start":{"line":77,"column":4},"end":{"line":96,"column":5}},{"start":{},"end":{}}],"line":77},"5":{"loc":{"start":{"line":78,"column":6},"end":{"line":82,"column":20}},"type":"binary-expr","locations":[{"start":{"line":78,"column":6},"end":{"line":78,"column":22}},{"start":{"line":79,"column":6},"end":{"line":82,"column":20}}],"line":78},"6":{"loc":{"start":{"line":81,"column":10},"end":{"line":81,"column":77}},"type":"binary-expr","locations":[{"start":{"line":81,"column":11},"end":{"line":81,"column":24}},{"start":{"line":81,"column":28},"end":{"line":81,"column":40}},{"start":{"line":81,"column":46},"end":{"line":81,"column":59}},{"start":{"line":81,"column":63},"end":{"line":81,"column":76}}],"line":81},"7":{"loc":{"start":{"line":102,"column":6},"end":{"line":104,"column":7}},"type":"if","locations":[{"start":{"line":102,"column":6},"end":{"line":104,"column":7}},{"start":{},"end":{}}],"line":102},"8":{"loc":{"start":{"line":102,"column":10},"end":{"line":102,"column":42}},"type":"binary-expr","locations":[{"start":{"line":102,"column":10},"end":{"line":102,"column":24}},{"start":{"line":102,"column":28},"end":{"line":102,"column":42}}],"line":102}},"s":{"0":1,"1":13,"2":13,"3":78,"4":78,"5":78,"6":13,"7":13,"8":143,"9":13,"10":1,"11":22,"12":22,"13":22,"14":22,"15":12,"16":12,"17":144,"18":12,"19":22,"20":12,"21":22,"22":22,"23":22,"24":180,"25":22,"26":3,"27":1,"28":1,"29":2,"30":2,"31":4,"32":22,"33":180,"34":1,"35":0,"36":22,"37":22,"38":6,"39":6,"40":5,"41":22,"42":22,"43":22,"44":60,"45":60,"46":22,"47":60,"48":180,"49":22,"50":22,"51":22,"52":180,"53":22,"54":22,"55":1,"56":0,"57":0,"58":0,"59":1},"f":{"0":13,"1":143,"2":22,"3":12,"4":144,"5":12,"6":22,"7":180,"8":1,"9":2,"10":4,"11":180,"12":0,"13":22,"14":6,"15":60,"16":180,"17":22,"18":180,"19":1,"20":0,"21":0},"b":{"0":[78,0],"1":[180,23],"2":[3,19],"3":[1,2],"4":[1,21],"5":[22,15],"6":[180,166,171,157],"7":[5,1],"8":[6,6]},"_coverageSchema":"1a1c01bbd47fc00a2c39e90264f33305004495a9","hash":"fb581f34437be129cd88fd15b363f55a818a6243"}
,"/Users/foreward/Code/interview-test/singtel/CardGame/src/Store/Config.tsx": {"path":"/Users/foreward/Code/interview-test/singtel/CardGame/src/Store/Config.tsx","statementMap":{"0":{"start":{"line":9,"column":20},"end":{"line":12,"column":2}},"1":{"start":{"line":15,"column":2},"end":{"line":18,"column":5}}},"fnMap":{"0":{"name":"setupStore","decl":{"start":{"line":14,"column":16},"end":{"line":14,"column":26}},"loc":{"start":{"line":14,"column":71},"end":{"line":19,"column":1}},"line":14}},"branchMap":{},"s":{"0":1,"1":12},"f":{"0":12},"b":{},"_coverageSchema":"1a1c01bbd47fc00a2c39e90264f33305004495a9","hash":"62dfe45abfe3d5485d43480ac814c3621611fa47"}
,"/Users/foreward/Code/interview-test/singtel/CardGame/src/Utils/Hooks.ts": {"path":"/Users/foreward/Code/interview-test/singtel/CardGame/src/Utils/Hooks.ts","statementMap":{"0":{"start":{"line":4,"column":49},"end":{"line":4,"column":60}},"1":{"start":{"line":5,"column":63},"end":{"line":5,"column":74}}},"fnMap":{},"branchMap":{},"s":{"0":1,"1":1},"f":{},"b":{},"_coverageSchema":"1a1c01bbd47fc00a2c39e90264f33305004495a9","hash":"1ad58dca26ae4c94a8efe44a327333170d152c6e"}
,"/Users/foreward/Code/interview-test/singtel/CardGame/src/Utils/TestUtils.tsx": {"path":"/Users/foreward/Code/interview-test/singtel/CardGame/src/Utils/TestUtils.tsx","statementMap":{"0":{"start":{"line":26,"column":4},"end":{"line":26,"column":57}},"1":{"start":{"line":30,"column":2},"end":{"line":30,"column":74}},"2":{"start":{"line":42,"column":2},"end":{"line":42,"column":29}},"3":{"start":{"line":44,"column":4},"end":{"line":44,"column":57}},"4":{"start":{"line":48,"column":2},"end":{"line":48,"column":74}}},"fnMap":{"0":{"name":"renderWithProviders","decl":{"start":{"line":16,"column":16},"end":{"line":16,"column":35}},"loc":{"start":{"line":24,"column":2},"end":{"line":31,"column":1}},"line":24},"1":{"name":"Wrapper","decl":{"start":{"line":25,"column":11},"end":{"line":25,"column":18}},"loc":{"start":{"line":25,"column":69},"end":{"line":27,"column":3}},"line":25},"2":{"name":"renderWithMockDispatch","decl":{"start":{"line":33,"column":16},"end":{"line":33,"column":38}},"loc":{"start":{"line":41,"column":2},"end":{"line":49,"column":1}},"line":41},"3":{"name":"Wrapper","decl":{"start":{"line":43,"column":11},"end":{"line":43,"column":18}},"loc":{"start":{"line":43,"column":69},"end":{"line":45,"column":3}},"line":43}},"branchMap":{"0":{"loc":{"start":{"line":18,"column":2},"end":{"line":23,"column":31}},"type":"default-arg","locations":[{"start":{"line":23,"column":29},"end":{"line":23,"column":31}}],"line":18},"1":{"loc":{"start":{"line":19,"column":4},"end":{"line":19,"column":54}},"type":"default-arg","locations":[{"start":{"line":19,"column":21},"end":{"line":19,"column":54}}],"line":19},"2":{"loc":{"start":{"line":21,"column":4},"end":{"line":21,"column":38}},"type":"default-arg","locations":[{"start":{"line":21,"column":12},"end":{"line":21,"column":38}}],"line":21},"3":{"loc":{"start":{"line":35,"column":2},"end":{"line":40,"column":31}},"type":"default-arg","locations":[{"start":{"line":40,"column":29},"end":{"line":40,"column":31}}],"line":35},"4":{"loc":{"start":{"line":36,"column":4},"end":{"line":36,"column":54}},"type":"default-arg","locations":[{"start":{"line":36,"column":21},"end":{"line":36,"column":54}}],"line":36},"5":{"loc":{"start":{"line":38,"column":4},"end":{"line":38,"column":38}},"type":"default-arg","locations":[{"start":{"line":38,"column":12},"end":{"line":38,"column":38}}],"line":38}},"s":{"0":6,"1":6,"2":6,"3":6,"4":6},"f":{"0":6,"1":6,"2":6,"3":6},"b":{"0":[6],"1":[6],"2":[6],"3":[1],"4":[1],"5":[6]},"_coverageSchema":"1a1c01bbd47fc00a2c39e90264f33305004495a9","hash":"d6d32f5c62dd5ae0bdd418fed94bd21b98b99f90"}
}
