TN:
SF:src/Assets/Images/card-back.png
FNF:0
FNH:0
DA:1,2
LF:1
LH:1
BRF:0
BRH:0
end_of_record
TN:
SF:src/Assets/Images/index.tsx
FNF:0
FNH:0
LF:0
LH:0
BRF:0
BRH:0
end_of_record
TN:
SF:src/Components/Card/Card.tsx
FN:19,(anonymous_0)
FN:53,(anonymous_1)
FN:62,(anonymous_2)
FN:71,(anonymous_3)
FN:96,(anonymous_4)
FN:100,(anonymous_5)
FN:109,(anonymous_6)
FN:124,(anonymous_7)
FNF:8
FNH:8
FNDA:470,(anonymous_0)
FNDA:48,(anonymous_1)
FNDA:2,(anonymous_2)
FNDA:1,(anonymous_3)
FNDA:1,(anonymous_4)
FNDA:286,(anonymous_5)
FNDA:2,(anonymous_6)
FNDA:1,(anonymous_7)
DA:19,2
DA:20,470
DA:21,470
DA:22,470
DA:23,470
DA:25,470
DA:37,470
DA:49,470
DA:53,470
DA:54,48
DA:62,470
DA:63,2
DA:71,470
DA:72,1
DA:96,470
DA:97,1
DA:100,470
DA:101,286
DA:102,48
DA:104,238
DA:105,2
DA:106,1
DA:108,2
DA:110,2
DA:117,286
DA:120,470
DA:124,1
DA:143,2
LF:28
LH:28
BRDA:97,0,0,1
BRDA:97,0,1,1
BRDA:101,1,0,48
BRDA:101,1,1,238
BRDA:104,2,0,2
BRDA:104,2,1,236
BRDA:105,3,0,1
BRDA:105,3,1,1
BRDA:112,4,0,1
BRDA:112,4,1,1
BRF:10
BRH:10
end_of_record
TN:
SF:src/Components/Card/index.tsx
FNF:0
FNH:0
LF:0
LH:0
BRF:0
BRH:0
end_of_record
TN:
SF:src/Components/Screen/Screen.tsx
FN:8,(anonymous_0)
FNF:1
FNH:1
FNDA:23,(anonymous_0)
DA:8,2
DA:9,23
DA:10,23
DA:13,2
LF:4
LH:4
BRF:0
BRH:0
end_of_record
TN:
SF:src/Components/Screen/index.tsx
FNF:0
FNH:0
LF:0
LH:0
BRF:0
BRH:0
end_of_record
TN:
SF:src/Models/Card/Slice.tsx
FN:17,(anonymous_0)
FN:21,(anonymous_1)
FN:22,(anonymous_2)
FN:32,(anonymous_3)
FN:33,(anonymous_4)
FN:43,(anonymous_5)
FN:44,(anonymous_6)
FN:50,(anonymous_7)
FN:51,(anonymous_8)
FN:61,(anonymous_9)
FN:74,(anonymous_10)
FNF:11
FNH:11
FNDA:1,(anonymous_0)
FNDA:5,(anonymous_1)
FNDA:50,(anonymous_2)
FNDA:1,(anonymous_3)
FNDA:3,(anonymous_4)
FNDA:1,(anonymous_5)
FNDA:3,(anonymous_6)
FNDA:2,(anonymous_7)
FNDA:15,(anonymous_8)
FNDA:7,(anonymous_9)
FNDA:37,(anonymous_10)
DA:11,2
DA:13,2
DA:18,1
DA:19,1
DA:22,5
DA:23,50
DA:24,45
DA:27,5
DA:33,1
DA:34,3
DA:35,1
DA:38,2
DA:44,1
DA:45,3
DA:51,2
DA:52,15
DA:53,11
DA:56,4
DA:61,7
DA:72,2
DA:74,37
LF:21
LH:21
BRDA:23,0,0,45
BRDA:23,0,1,5
BRDA:34,1,0,1
BRDA:34,1,1,2
BRDA:52,2,0,11
BRDA:52,2,1,4
BRF:6
BRH:6
end_of_record
TN:
SF:src/Models/Step/Slice.tsx
FN:16,(anonymous_0)
FN:19,(anonymous_1)
FN:27,(anonymous_2)
FNF:3
FNH:3
FNDA:5,(anonymous_0)
FNDA:7,(anonymous_1)
FNDA:48,(anonymous_2)
DA:8,2
DA:12,2
DA:17,5
DA:20,7
DA:25,2
DA:27,48
LF:6
LH:6
BRF:0
BRH:0
end_of_record
TN:
SF:src/Screens/Game/Game.tsx
FN:24,(anonymous_0)
FN:34,(anonymous_1)
FN:39,(anonymous_2)
FN:44,(anonymous_3)
FN:48,(anonymous_4)
FN:59,(anonymous_5)
FN:63,(anonymous_6)
FN:65,(anonymous_7)
FN:69,(anonymous_8)
FN:70,(anonymous_9)
FN:73,(anonymous_10)
FN:80,(anonymous_11)
FN:90,(anonymous_12)
FN:99,(anonymous_13)
FN:100,(anonymous_14)
FN:115,(anonymous_15)
FN:117,(anonymous_16)
FN:130,(anonymous_17)
FN:132,(anonymous_18)
FN:145,(anonymous_19)
FN:153,(anonymous_20)
FN:155,(anonymous_21)
FNF:22
FNH:19
FNDA:13,(anonymous_0)
FNDA:143,(anonymous_1)
FNDA:22,(anonymous_2)
FNDA:12,(anonymous_3)
FNDA:144,(anonymous_4)
FNDA:12,(anonymous_5)
FNDA:22,(anonymous_6)
FNDA:180,(anonymous_7)
FNDA:1,(anonymous_8)
FNDA:2,(anonymous_9)
FNDA:4,(anonymous_10)
FNDA:180,(anonymous_11)
FNDA:0,(anonymous_12)
FNDA:22,(anonymous_13)
FNDA:6,(anonymous_14)
FNDA:60,(anonymous_15)
FNDA:180,(anonymous_16)
FNDA:22,(anonymous_17)
FNDA:180,(anonymous_18)
FNDA:1,(anonymous_19)
FNDA:0,(anonymous_20)
FNDA:0,(anonymous_21)
DA:24,1
DA:25,13
DA:26,13
DA:27,78
DA:28,78
DA:29,78
DA:33,13
DA:34,143
DA:36,13
DA:39,1
DA:40,22
DA:41,22
DA:42,22
DA:44,22
DA:45,12
DA:46,12
DA:48,144
DA:56,12
DA:59,22
DA:60,12
DA:63,22
DA:64,22
DA:65,180
DA:67,22
DA:68,3
DA:69,1
DA:70,2
DA:73,4
DA:77,22
DA:81,180
DA:84,1
DA:91,0
DA:99,22
DA:100,22
DA:101,6
DA:102,6
DA:103,5
DA:107,22
DA:108,22
DA:109,60
DA:110,60
DA:113,22
DA:116,60
DA:118,180
DA:130,22
DA:131,22
DA:132,180
DA:134,22
DA:137,22
DA:146,1
DA:154,0
DA:155,0
DA:156,0
DA:186,1
LF:54
LH:50
BRDA:28,0,0,78
BRDA:28,0,1,0
BRDA:65,1,0,180
BRDA:65,1,1,23
BRDA:67,2,0,3
BRDA:67,2,1,19
BRDA:68,3,0,1
BRDA:68,3,1,2
BRDA:77,4,0,1
BRDA:77,4,1,21
BRDA:78,5,0,22
BRDA:78,5,1,15
BRDA:81,6,0,180
BRDA:81,6,1,166
BRDA:81,6,2,171
BRDA:81,6,3,157
BRDA:102,7,0,5
BRDA:102,7,1,1
BRDA:102,8,0,6
BRDA:102,8,1,6
BRF:20
BRH:19
end_of_record
TN:
SF:src/Store/Config.tsx
FN:14,setupStore
FNF:1
FNH:1
FNDA:12,setupStore
DA:9,1
DA:15,12
LF:2
LH:2
BRF:0
BRH:0
end_of_record
TN:
SF:src/Utils/Hooks.ts
FNF:0
FNH:0
DA:4,1
DA:5,1
LF:2
LH:2
BRF:0
BRH:0
end_of_record
TN:
SF:src/Utils/TestUtils.tsx
FN:16,renderWithProviders
FN:25,Wrapper
FN:33,renderWithMockDispatch
FN:43,Wrapper
FNF:4
FNH:4
FNDA:6,renderWithProviders
FNDA:6,Wrapper
FNDA:6,renderWithMockDispatch
FNDA:6,Wrapper
DA:26,6
DA:30,6
DA:42,6
DA:44,6
DA:48,6
LF:5
LH:5
BRDA:18,0,0,6
BRDA:19,1,0,6
BRDA:21,2,0,6
BRDA:35,3,0,1
BRDA:36,4,0,1
BRDA:38,5,0,6
BRF:6
BRH:6
end_of_record
